07-28 01:08:08 com_github_MitjaNemec_ReplicateLayout.action_replicate_layout 392:Plugin executed on: 'win32'
07-28 01:08:08 com_github_MitjaNemec_ReplicateLayout.action_replicate_layout 393:Plugin executed with python version: '3.9.16 (main, May 18 2023, 07:48:16) [MSC v.1936 64 bit (AMD64)]'
07-28 01:08:08 com_github_MitjaNemec_ReplicateLayout.action_replicate_layout 394:KiCad build version: 7.0.6
07-28 01:08:08 com_github_MitjaNemec_ReplicateLayout.action_replicate_layout 395:Plugin version: 2.1.3
07-28 01:08:08 com_github_MitjaNemec_ReplicateLayout.action_replicate_layout 396:Frame repr: <wx._core.Frame object at 0x000001EEAD17E1F0>
07-28 01:08:08 com_github_MitjaNemec_ReplicateLayout.action_replicate_layout 420:Preparing replicator with U11 as a reference
07-28 01:08:08 com_github_MitjaNemec_ReplicateLayout.replicate_layout 117:getting a list of all footprints on board
07-28 01:08:08 com_github_MitjaNemec_ReplicateLayout.replicate_layout 136:Footprint G*** does not have Sheetfile property, it will not be replicated. Most likely it is only in layout
07-28 04:48:11 com_github_bouni_kicad-jlcpcb-tools.store 208:Part J5 does not exist in the database and will be created from the board.
07-28 04:48:11 com_github_bouni_kicad-jlcpcb-tools.store 208:Part R14 does not exist in the database and will be created from the board.
07-28 04:48:11 com_github_bouni_kicad-jlcpcb-tools.store 208:Part JP2 does not exist in the database and will be created from the board.
07-28 04:48:11 com_github_bouni_kicad-jlcpcb-tools.store 208:Part R7 does not exist in the database and will be created from the board.
07-28 04:48:11 com_github_bouni_kicad-jlcpcb-tools.store 208:Part D5 does not exist in the database and will be created from the board.
07-28 04:48:11 com_github_bouni_kicad-jlcpcb-tools.store 208:Part U4 does not exist in the database and will be created from the board.
07-28 04:48:11 com_github_bouni_kicad-jlcpcb-tools.store 208:Part U3 does not exist in the database and will be created from the board.
07-28 04:48:11 com_github_bouni_kicad-jlcpcb-tools.store 208:Part U1 does not exist in the database and will be created from the board.
07-28 04:48:11 com_github_bouni_kicad-jlcpcb-tools.store 208:Part R11 does not exist in the database and will be created from the board.
07-28 04:48:11 com_github_bouni_kicad-jlcpcb-tools.store 208:Part R8 does not exist in the database and will be created from the board.
07-28 04:48:11 com_github_bouni_kicad-jlcpcb-tools.store 208:Part R5 does not exist in the database and will be created from the board.
07-28 04:48:11 com_github_bouni_kicad-jlcpcb-tools.store 208:Part R3 does not exist in the database and will be created from the board.
07-28 04:48:11 com_github_bouni_kicad-jlcpcb-tools.store 208:Part R2 does not exist in the database and will be created from the board.
07-28 04:48:11 com_github_bouni_kicad-jlcpcb-tools.store 208:Part R1 does not exist in the database and will be created from the board.
07-28 04:48:11 com_github_bouni_kicad-jlcpcb-tools.store 208:Part Q1 does not exist in the database and will be created from the board.
07-28 04:48:11 com_github_bouni_kicad-jlcpcb-tools.store 208:Part J7 does not exist in the database and will be created from the board.
07-28 04:48:11 com_github_bouni_kicad-jlcpcb-tools.store 208:Part J4 does not exist in the database and will be created from the board.
07-28 04:48:11 com_github_bouni_kicad-jlcpcb-tools.store 208:Part J1 does not exist in the database and will be created from the board.
07-28 04:48:11 com_github_bouni_kicad-jlcpcb-tools.store 208:Part D1 does not exist in the database and will be created from the board.
07-28 04:48:11 com_github_bouni_kicad-jlcpcb-tools.store 208:Part C17 does not exist in the database and will be created from the board.
07-28 04:48:11 com_github_bouni_kicad-jlcpcb-tools.store 208:Part C16 does not exist in the database and will be created from the board.
07-28 04:48:11 com_github_bouni_kicad-jlcpcb-tools.store 208:Part C15 does not exist in the database and will be created from the board.
07-28 04:48:11 com_github_bouni_kicad-jlcpcb-tools.store 208:Part C14 does not exist in the database and will be created from the board.
07-28 04:48:11 com_github_bouni_kicad-jlcpcb-tools.store 208:Part C6 does not exist in the database and will be created from the board.
07-28 04:48:11 com_github_bouni_kicad-jlcpcb-tools.store 208:Part U12 does not exist in the database and will be created from the board.
07-28 04:48:11 com_github_bouni_kicad-jlcpcb-tools.store 208:Part U11 does not exist in the database and will be created from the board.
07-28 04:48:11 com_github_bouni_kicad-jlcpcb-tools.store 208:Part U10 does not exist in the database and will be created from the board.
07-28 04:48:11 com_github_bouni_kicad-jlcpcb-tools.store 208:Part U9 does not exist in the database and will be created from the board.
07-28 04:48:11 com_github_bouni_kicad-jlcpcb-tools.store 208:Part U8 does not exist in the database and will be created from the board.
07-28 04:48:11 com_github_bouni_kicad-jlcpcb-tools.store 208:Part U7 does not exist in the database and will be created from the board.
07-28 04:48:11 com_github_bouni_kicad-jlcpcb-tools.store 208:Part U6 does not exist in the database and will be created from the board.
07-28 04:48:11 com_github_bouni_kicad-jlcpcb-tools.store 208:Part U5 does not exist in the database and will be created from the board.
07-28 04:48:11 com_github_bouni_kicad-jlcpcb-tools.store 208:Part SW2 does not exist in the database and will be created from the board.
07-28 04:48:11 com_github_bouni_kicad-jlcpcb-tools.store 208:Part SW1 does not exist in the database and will be created from the board.
07-28 04:48:11 com_github_bouni_kicad-jlcpcb-tools.store 208:Part R35 does not exist in the database and will be created from the board.
07-28 04:48:11 com_github_bouni_kicad-jlcpcb-tools.store 208:Part R34 does not exist in the database and will be created from the board.
07-28 04:48:11 com_github_bouni_kicad-jlcpcb-tools.store 208:Part R33 does not exist in the database and will be created from the board.
07-28 04:48:11 com_github_bouni_kicad-jlcpcb-tools.store 208:Part R32 does not exist in the database and will be created from the board.
07-28 04:48:11 com_github_bouni_kicad-jlcpcb-tools.store 208:Part R31 does not exist in the database and will be created from the board.
07-28 04:48:11 com_github_bouni_kicad-jlcpcb-tools.store 208:Part R30 does not exist in the database and will be created from the board.
07-28 04:48:11 com_github_bouni_kicad-jlcpcb-tools.store 208:Part R29 does not exist in the database and will be created from the board.
07-28 04:48:11 com_github_bouni_kicad-jlcpcb-tools.store 208:Part R28 does not exist in the database and will be created from the board.
07-28 04:48:11 com_github_bouni_kicad-jlcpcb-tools.store 208:Part R27 does not exist in the database and will be created from the board.
07-28 04:48:11 com_github_bouni_kicad-jlcpcb-tools.store 208:Part R26 does not exist in the database and will be created from the board.
07-28 04:48:11 com_github_bouni_kicad-jlcpcb-tools.store 208:Part R25 does not exist in the database and will be created from the board.
07-28 04:48:11 com_github_bouni_kicad-jlcpcb-tools.store 208:Part R24 does not exist in the database and will be created from the board.
07-28 04:48:11 com_github_bouni_kicad-jlcpcb-tools.store 208:Part R22 does not exist in the database and will be created from the board.
07-28 04:48:11 com_github_bouni_kicad-jlcpcb-tools.store 208:Part R21 does not exist in the database and will be created from the board.
07-28 04:48:11 com_github_bouni_kicad-jlcpcb-tools.store 208:Part R20 does not exist in the database and will be created from the board.
07-28 04:48:11 com_github_bouni_kicad-jlcpcb-tools.store 208:Part R19 does not exist in the database and will be created from the board.
07-28 04:48:11 com_github_bouni_kicad-jlcpcb-tools.store 208:Part R16 does not exist in the database and will be created from the board.
07-28 04:48:11 com_github_bouni_kicad-jlcpcb-tools.store 208:Part R15 does not exist in the database and will be created from the board.
07-28 04:48:11 com_github_bouni_kicad-jlcpcb-tools.store 208:Part R13 does not exist in the database and will be created from the board.
07-28 04:48:11 com_github_bouni_kicad-jlcpcb-tools.store 208:Part R12 does not exist in the database and will be created from the board.
07-28 04:48:11 com_github_bouni_kicad-jlcpcb-tools.store 208:Part Q8 does not exist in the database and will be created from the board.
07-28 04:48:11 com_github_bouni_kicad-jlcpcb-tools.store 208:Part Q7 does not exist in the database and will be created from the board.
07-28 04:48:11 com_github_bouni_kicad-jlcpcb-tools.store 208:Part Q6 does not exist in the database and will be created from the board.
07-28 04:48:12 com_github_bouni_kicad-jlcpcb-tools.store 208:Part JP1 does not exist in the database and will be created from the board.
07-28 04:48:12 com_github_bouni_kicad-jlcpcb-tools.store 208:Part J15 does not exist in the database and will be created from the board.
07-28 04:48:12 com_github_bouni_kicad-jlcpcb-tools.store 208:Part J14 does not exist in the database and will be created from the board.
07-28 04:48:12 com_github_bouni_kicad-jlcpcb-tools.store 208:Part J13 does not exist in the database and will be created from the board.
07-28 04:48:12 com_github_bouni_kicad-jlcpcb-tools.store 208:Part J12 does not exist in the database and will be created from the board.
07-28 04:48:12 com_github_bouni_kicad-jlcpcb-tools.store 208:Part J11 does not exist in the database and will be created from the board.
07-28 04:48:12 com_github_bouni_kicad-jlcpcb-tools.store 208:Part J9 does not exist in the database and will be created from the board.
07-28 04:48:12 com_github_bouni_kicad-jlcpcb-tools.store 208:Part J8 does not exist in the database and will be created from the board.
07-28 04:48:12 com_github_bouni_kicad-jlcpcb-tools.store 208:Part J3 does not exist in the database and will be created from the board.
07-28 04:48:12 com_github_bouni_kicad-jlcpcb-tools.store 208:Part F1 does not exist in the database and will be created from the board.
07-28 04:48:12 com_github_bouni_kicad-jlcpcb-tools.store 208:Part D11 does not exist in the database and will be created from the board.
07-28 04:48:12 com_github_bouni_kicad-jlcpcb-tools.store 208:Part D9 does not exist in the database and will be created from the board.
07-28 04:48:12 com_github_bouni_kicad-jlcpcb-tools.store 208:Part D8 does not exist in the database and will be created from the board.
07-28 04:48:12 com_github_bouni_kicad-jlcpcb-tools.store 208:Part D7 does not exist in the database and will be created from the board.
07-28 04:48:12 com_github_bouni_kicad-jlcpcb-tools.store 208:Part D6 does not exist in the database and will be created from the board.
07-28 04:48:12 com_github_bouni_kicad-jlcpcb-tools.store 208:Part C28 does not exist in the database and will be created from the board.
07-28 04:48:12 com_github_bouni_kicad-jlcpcb-tools.store 208:Part C27 does not exist in the database and will be created from the board.
07-28 04:48:12 com_github_bouni_kicad-jlcpcb-tools.store 208:Part C26 does not exist in the database and will be created from the board.
07-28 04:48:12 com_github_bouni_kicad-jlcpcb-tools.store 208:Part C25 does not exist in the database and will be created from the board.
07-28 04:48:12 com_github_bouni_kicad-jlcpcb-tools.store 208:Part C24 does not exist in the database and will be created from the board.
07-28 04:48:12 com_github_bouni_kicad-jlcpcb-tools.store 208:Part C23 does not exist in the database and will be created from the board.
07-28 04:48:12 com_github_bouni_kicad-jlcpcb-tools.store 208:Part C22 does not exist in the database and will be created from the board.
07-28 04:48:12 com_github_bouni_kicad-jlcpcb-tools.store 208:Part C21 does not exist in the database and will be created from the board.
07-28 04:48:12 com_github_bouni_kicad-jlcpcb-tools.store 208:Part C20 does not exist in the database and will be created from the board.
07-28 04:48:12 com_github_bouni_kicad-jlcpcb-tools.store 208:Part C19 does not exist in the database and will be created from the board.
07-28 04:48:12 com_github_bouni_kicad-jlcpcb-tools.store 208:Part C18 does not exist in the database and will be created from the board.
07-28 04:48:12 com_github_bouni_kicad-jlcpcb-tools.store 208:Part C4 does not exist in the database and will be created from the board.
07-28 04:48:12 com_github_bouni_kicad-jlcpcb-tools.store 208:Part C2 does not exist in the database and will be created from the board.
07-28 04:48:12 com_github_bouni_kicad-jlcpcb-tools.store 208:Part Q2 does not exist in the database and will be created from the board.
07-28 04:48:12 com_github_bouni_kicad-jlcpcb-tools.store 208:Part J6 does not exist in the database and will be created from the board.
07-28 04:48:12 com_github_bouni_kicad-jlcpcb-tools.store 208:Part D4 does not exist in the database and will be created from the board.
07-28 04:48:12 com_github_bouni_kicad-jlcpcb-tools.store 208:Part Q4 does not exist in the database and will be created from the board.
07-28 04:48:12 com_github_bouni_kicad-jlcpcb-tools.store 208:Part J2 does not exist in the database and will be created from the board.
07-28 04:48:12 com_github_bouni_kicad-jlcpcb-tools.store 208:Part R6 does not exist in the database and will be created from the board.
07-28 04:48:12 com_github_bouni_kicad-jlcpcb-tools.store 208:Part D3 does not exist in the database and will be created from the board.
07-28 04:48:12 com_github_bouni_kicad-jlcpcb-tools.store 208:Part D2 does not exist in the database and will be created from the board.
07-28 04:48:12 com_github_bouni_kicad-jlcpcb-tools.store 208:Part Q3 does not exist in the database and will be created from the board.
07-28 04:48:12 com_github_bouni_kicad-jlcpcb-tools.store 208:Part R9 does not exist in the database and will be created from the board.
07-28 04:48:12 com_github_bouni_kicad-jlcpcb-tools.store 208:Part U2 does not exist in the database and will be created from the board.
07-28 04:48:12 com_github_bouni_kicad-jlcpcb-tools.store 208:Part C5 does not exist in the database and will be created from the board.
07-28 04:48:12 com_github_bouni_kicad-jlcpcb-tools.store 208:Part L1 does not exist in the database and will be created from the board.
07-28 04:48:12 com_github_bouni_kicad-jlcpcb-tools.store 208:Part R10 does not exist in the database and will be created from the board.
07-28 04:48:12 com_github_bouni_kicad-jlcpcb-tools.store 208:Part C3 does not exist in the database and will be created from the board.
07-28 04:48:12 com_github_bouni_kicad-jlcpcb-tools.store 208:Part Q5 does not exist in the database and will be created from the board.
07-28 04:48:12 com_github_bouni_kicad-jlcpcb-tools.store 208:Part C1 does not exist in the database and will be created from the board.
07-28 04:48:12 com_github_bouni_kicad-jlcpcb-tools.store 208:Part R4 does not exist in the database and will be created from the board.
07-28 04:48:12 com_github_bouni_kicad-jlcpcb-tools.store 208:Part C13 does not exist in the database and will be created from the board.
